SF:D:\Projects\nashtech\Dotnet-Training-Assignment-4\src\Program.cs
FN:3,System.Void Program::<Main>$(System.String[])
FNDA:0,System.Void Program::<Main>$(System.String[])
DA:4,0
DA:7,0
DA:8,0
DA:9,0
DA:10,0
DA:12,0
DA:15,0
DA:16,0
DA:17,0
DA:18,0
DA:19,0
DA:20,0
DA:22,0
DA:24,0
DA:26,0
DA:28,0
BRDA:15,76,0,0
BRDA:15,76,1,0
LF:16
LH:0
BRF:2
BRH:0
FNF:1
FNH:0
end_of_record
SF:D:\Projects\nashtech\Dotnet-Training-Assignment-4\src\Service\CharacterService.cs
FN:28,rpgAPI.Model.ServiceResponse`1<System.Collections.Generic.List`1<rpgAPI.Model.Character>> rpgAPI.Service.CharacterService::AddCharacter(rpgAPI.Model.Character)
FNDA:1,rpgAPI.Model.ServiceResponse`1<System.Collections.Generic.List`1<rpgAPI.Model.Character>> rpgAPI.Service.CharacterService::AddCharacter(rpgAPI.Model.Character)
DA:29,1
DA:30,1
DA:32,1
DA:33,1
DA:34,1
DA:35,1
DA:36,1
DA:38,1
FN:59,rpgAPI.Model.ServiceResponse`1<System.Collections.Generic.List`1<rpgAPI.Model.Character>> rpgAPI.Service.CharacterService::UpdateCharacter(rpgAPI.Model.Character)
FNDA:2,rpgAPI.Model.ServiceResponse`1<System.Collections.Generic.List`1<rpgAPI.Model.Character>> rpgAPI.Service.CharacterService::UpdateCharacter(rpgAPI.Model.Character)
DA:60,2
DA:61,5
DA:62,2
DA:63,2
DA:64,1
DA:65,1
DA:66,1
DA:67,1
DA:68,1
DA:69,1
DA:70,1
DA:71,1
DA:72,1
DA:73,1
DA:75,1
DA:76,1
DA:77,1
DA:78,1
DA:79,2
DA:80,2
BRDA:63,49,0,1
BRDA:63,49,1,1
FN:82,rpgAPI.Model.ServiceResponse`1<System.Collections.Generic.List`1<rpgAPI.Model.Character>> rpgAPI.Service.CharacterService::DeleteCharacter(System.Int32)
FNDA:2,rpgAPI.Model.ServiceResponse`1<System.Collections.Generic.List`1<rpgAPI.Model.Character>> rpgAPI.Service.CharacterService::DeleteCharacter(System.Int32)
DA:83,2
DA:84,5
DA:85,2
DA:86,2
DA:87,1
DA:88,1
DA:89,1
DA:90,1
DA:91,1
DA:93,1
DA:94,1
DA:95,1
DA:96,1
DA:97,2
DA:98,2
BRDA:86,49,0,1
BRDA:86,49,1,1
FN:11,System.Void rpgAPI.Service.CharacterService::.cctor()
FNDA:1,System.Void rpgAPI.Service.CharacterService::.cctor()
DA:12,1
DA:13,1
DA:14,1
DA:15,1
DA:16,1
LF:48
LH:48
BRF:4
BRH:4
FNF:4
FNH:4
end_of_record
SF:D:\Projects\nashtech\Dotnet-Training-Assignment-4\src\Model\Character.cs
FN:9,System.Int32 rpgAPI.Model.Character::get_Id()
FNDA:17,System.Int32 rpgAPI.Model.Character::get_Id()
DA:10,17
FN:11,System.String rpgAPI.Model.Character::get_Name()
FNDA:15,System.String rpgAPI.Model.Character::get_Name()
DA:12,15
FN:13,System.Int32 rpgAPI.Model.Character::get_HitPoint()
FNDA:12,System.Int32 rpgAPI.Model.Character::get_HitPoint()
DA:14,12
FN:15,System.Int32 rpgAPI.Model.Character::get_Strength()
FNDA:12,System.Int32 rpgAPI.Model.Character::get_Strength()
DA:16,12
FN:17,System.Int32 rpgAPI.Model.Character::get_Defense()
FNDA:12,System.Int32 rpgAPI.Model.Character::get_Defense()
DA:18,12
FN:19,System.Int32 rpgAPI.Model.Character::get_Intelligence()
FNDA:12,System.Int32 rpgAPI.Model.Character::get_Intelligence()
DA:20,12
FN:21,rpgAPI.Model.RPGClass rpgAPI.Model.Character::get_CharacterClass()
FNDA:12,rpgAPI.Model.RPGClass rpgAPI.Model.Character::get_CharacterClass()
DA:22,12
LF:7
LH:7
BRF:0
BRH:0
FNF:7
FNH:7
end_of_record
SF:D:\Projects\nashtech\Dotnet-Training-Assignment-4\src\Model\ServiceResponse.cs
FN:10,T rpgAPI.Model.ServiceResponse`1::get_Data()
FNDA:8,T rpgAPI.Model.ServiceResponse`1::get_Data()
DA:11,8
FN:12,System.Boolean rpgAPI.Model.ServiceResponse`1::get_Success()
FNDA:12,System.Boolean rpgAPI.Model.ServiceResponse`1::get_Success()
DA:13,12
FN:14,System.String rpgAPI.Model.ServiceResponse`1::get_Message()
FNDA:11,System.String rpgAPI.Model.ServiceResponse`1::get_Message()
DA:15,11
LF:3
LH:3
BRF:0
BRH:0
FNF:3
FNH:3
end_of_record
SF:D:\Projects\nashtech\Dotnet-Training-Assignment-4\src\Controller\CharacterController.cs
FN:41,Microsoft.AspNetCore.Mvc.ActionResult`1<rpgAPI.Model.ServiceResponse`1<System.Collections.Generic.List`1<rpgAPI.Model.Character>>> rpgAPI.Controller.CharacterController::PutCharacter(rpgAPI.Model.Character)
FNDA:1,Microsoft.AspNetCore.Mvc.ActionResult`1<rpgAPI.Model.ServiceResponse`1<System.Collections.Generic.List`1<rpgAPI.Model.Character>>> rpgAPI.Controller.CharacterController::PutCharacter(rpgAPI.Model.Character)
DA:42,1
DA:43,1
DA:44,1
FN:47,Microsoft.AspNetCore.Mvc.ActionResult`1<rpgAPI.Model.ServiceResponse`1<System.Collections.Generic.List`1<rpgAPI.Model.Character>>> rpgAPI.Controller.CharacterController::DeleteCharacter(System.Int32)
FNDA:1,Microsoft.AspNetCore.Mvc.ActionResult`1<rpgAPI.Model.ServiceResponse`1<System.Collections.Generic.List`1<rpgAPI.Model.Character>>> rpgAPI.Controller.CharacterController::DeleteCharacter(System.Int32)
DA:48,1
DA:49,1
DA:50,1
FN:15,System.Void rpgAPI.Controller.CharacterController::.ctor(rpgAPI.Service.ICharacterService)
FNDA:2,System.Void rpgAPI.Controller.CharacterController::.ctor(rpgAPI.Service.ICharacterService)
DA:16,2
DA:17,2
DA:18,2
DA:19,2
LF:10
LH:10
BRF:0
BRH:0
FNF:3
FNH:3
end_of_record